<?xml version="1.0" encoding="UTF-8"?>
<testsuite hostname="BishnuDas" name="com.shmlv3b_maven.testscript.CheckingForAllFourDeliveryTest" tests="6" failures="0" timestamp="28 Dec 2015 12:16:27 GMT" time="36.057" errors="0">
  <testcase name="@BeforeMethod configBfrMtd" time="0.0" classname="com.shmlv3b_maven.testscript.CheckingForAllFourDeliveryTest">
    <failure type="org.openqa.selenium.remote.UnreachableBrowserException" message="Error communicating with the remote browser. It may have died.
Build info: version: &amp;apos;2.48.2&amp;apos;, revision: &amp;apos;41bccdd10cf2c0560f637404c2d96164b67d9d67&amp;apos;, time: &amp;apos;2015-10-09 13:08:06&amp;apos;
System info: host: &amp;apos;BishnuDas&amp;apos;, ip: &amp;apos;192.168.1.5&amp;apos;, os.name: &amp;apos;Windows 7&amp;apos;, os.arch: &amp;apos;amd64&amp;apos;, os.version: &amp;apos;6.1&amp;apos;, java.version: &amp;apos;1.8.0_65&amp;apos;
Driver info: driver.version: RemoteWebDriver">
      <![CDATA[org.openqa.selenium.remote.UnreachableBrowserException: Error communicating with the remote browser. It may have died.
Build info: version: '2.48.2', revision: '41bccdd10cf2c0560f637404c2d96164b67d9d67', time: '2015-10-09 13:08:06'
System info: host: 'BishnuDas', ip: '192.168.1.5', os.name: 'Windows 7', os.arch: 'amd64', os.version: '6.1', java.version: '1.8.0_65'
Driver info: driver.version: RemoteWebDriver
	at org.openqa.selenium.remote.RemoteWebDriver.execute(RemoteWebDriver.java:641)
	at org.openqa.selenium.remote.RemoteWebDriver.get(RemoteWebDriver.java:311)
	at com.shmlv3b_maven.pageobjectRepoLib.LoginObjects.navigateToTheHomePage(LoginObjects.java:54)
	at com.shmlv3b_maven.testscript.CheckingForAllFourDeliveryTest.configBfrMtd(CheckingForAllFourDeliveryTest.java:103)
Caused by: org.apache.http.conn.HttpHostConnectException: Connect to 127.0.0.1:7055 [/127.0.0.1] failed: Connection refused: connect
	at org.apache.http.impl.conn.DefaultHttpClientConnectionOperator.connect(DefaultHttpClientConnectionOperator.java:151)
	at org.apache.http.impl.conn.PoolingHttpClientConnectionManager.connect(PoolingHttpClientConnectionManager.java:353)
	at org.apache.http.impl.execchain.MainClientExec.establishRoute(MainClientExec.java:380)
	at org.apache.http.impl.execchain.MainClientExec.execute(MainClientExec.java:236)
	at org.apache.http.impl.execchain.ProtocolExec.execute(ProtocolExec.java:184)
	at org.apache.http.impl.execchain.RetryExec.execute(RetryExec.java:88)
	at org.apache.http.impl.execchain.RedirectExec.execute(RedirectExec.java:110)
	at org.apache.http.impl.client.InternalHttpClient.doExecute(InternalHttpClient.java:184)
	at org.apache.http.impl.client.CloseableHttpClient.execute(CloseableHttpClient.java:71)
	at org.apache.http.impl.client.CloseableHttpClient.execute(CloseableHttpClient.java:55)
	at org.openqa.selenium.remote.internal.ApacheHttpClient.fallBackExecute(ApacheHttpClient.java:161)
	at org.openqa.selenium.remote.internal.ApacheHttpClient.execute(ApacheHttpClient.java:89)
	at org.openqa.selenium.remote.HttpCommandExecutor.execute(HttpCommandExecutor.java:142)
	at org.openqa.selenium.firefox.internal.NewProfileExtensionConnection.execute(NewProfileExtensionConnection.java:170)
	at org.openqa.selenium.firefox.FirefoxDriver$LazyCommandExecutor.execute(FirefoxDriver.java:380)
	at org.openqa.selenium.remote.RemoteWebDriver.execute(RemoteWebDriver.java:620)
	... 30 more
Caused by: java.net.ConnectException: Connection refused: connect
	at java.net.DualStackPlainSocketImpl.waitForConnect(Native Method)
	at java.net.DualStackPlainSocketImpl.socketConnect(DualStackPlainSocketImpl.java:85)
	at java.net.AbstractPlainSocketImpl.doConnect(AbstractPlainSocketImpl.java:350)
	at java.net.AbstractPlainSocketImpl.connectToAddress(AbstractPlainSocketImpl.java:206)
	at java.net.AbstractPlainSocketImpl.connect(AbstractPlainSocketImpl.java:188)
	at java.net.PlainSocketImpl.connect(PlainSocketImpl.java:172)
	at java.net.SocksSocketImpl.connect(SocksSocketImpl.java:392)
	at java.net.Socket.connect(Socket.java:589)
	at org.apache.http.conn.socket.PlainConnectionSocketFactory.connectSocket(PlainConnectionSocketFactory.java:74)
	at org.apache.http.impl.conn.DefaultHttpClientConnectionOperator.connect(DefaultHttpClientConnectionOperator.java:134)
	... 45 more
... Removed 27 stack frames]]>
    </failure>
  </testcase>
  <testcase name="@AfterMethod configAfterMtd" time="0.0" classname="com.shmlv3b_maven.testscript.CheckingForAllFourDeliveryTest">
    <skipped/>
  </testcase>
  <testcase name="@BeforeMethod configBfrMtd" time="0.0" classname="com.shmlv3b_maven.testscript.CheckingForAllFourDeliveryTest">
    <skipped/>
  </testcase>
  <testcase name="@AfterMethod configAfterMtd" time="0.0" classname="com.shmlv3b_maven.testscript.CheckingForAllFourDeliveryTest">
    <skipped/>
  </testcase>
  <testcase name="@BeforeMethod configBfrMtd" time="0.0" classname="com.shmlv3b_maven.testscript.CheckingForAllFourDeliveryTest">
    <skipped/>
  </testcase>
  <testcase name="@AfterMethod configAfterMtd" time="0.0" classname="com.shmlv3b_maven.testscript.CheckingForAllFourDeliveryTest">
    <skipped/>
  </testcase>
  <testcase name="@BeforeMethod configBfrMtd" time="0.0" classname="com.shmlv3b_maven.testscript.CheckingForAllFourDeliveryTest">
    <skipped/>
  </testcase>
  <testcase name="@AfterMethod configAfterMtd" time="0.0" classname="com.shmlv3b_maven.testscript.CheckingForAllFourDeliveryTest">
    <skipped/>
  </testcase>
  <testcase name="@AfterClass tearDownAfterCls" time="0.0" classname="com.shmlv3b_maven.testscript.CheckingForAllFourDeliveryTest">
    <skipped/>
  </testcase>
  <testcase name="firstMavenTest" time="0.032" classname="shmlv3b_maven.DemoTest"/>
  <testcase name="secondTest" time="0.004" classname="shmlv3b_maven.SecondTest"/>
  <testcase name="checkingTheHomeOrOfficeDeliveryMethod" time="0.003" classname="com.shmlv3b_maven.testscript.CheckingForAllFourDeliveryTest">
    <skipped/>
  </testcase>
  <testcase name="checkingTheParcelLockerDeliveryMethod" time="0.027" classname="com.shmlv3b_maven.testscript.CheckingForAllFourDeliveryTest">
    <skipped/>
  </testcase>
  <testcase name="checkingTheBpostDeliveryPointMethod" time="0.002" classname="com.shmlv3b_maven.testscript.CheckingForAllFourDeliveryTest">
    <skipped/>
  </testcase>
  <testcase name="checkingReceiverChooseMethod" time="0.002" classname="com.shmlv3b_maven.testscript.CheckingForAllFourDeliveryTest">
    <skipped/>
  </testcase>
</testsuite>
