<?xml version="1.0" encoding="UTF-8"?>
<testng-results skipped="4" failed="0" total="6" passed="2">
  <reporter-output>
  </reporter-output>
  <suite name="Suite" duration-ms="36057" started-at="2015-12-28T17:45:51Z" finished-at="2015-12-28T17:46:27Z">
    <groups>
    </groups>
    <test name="Test" duration-ms="36057" started-at="2015-12-28T17:45:51Z" finished-at="2015-12-28T17:46:27Z">
      <class name="com.shmlv3b_maven.testscript.CheckingForAllFourDeliveryTest">
        <test-method status="PASS" signature="configBfrCls()" name="configBfrCls" is-config="true" duration-ms="14698" started-at="2015-12-28T17:45:51Z" finished-at="2015-12-28T17:46:06Z">
        </test-method>
        <test-method status="FAIL" signature="configBfrMtd()" name="configBfrMtd" is-config="true" duration-ms="0" started-at="2015-12-28T17:46:06Z" finished-at="2015-12-28T17:46:06Z">
          <exception class="org.openqa.selenium.remote.UnreachableBrowserException">
            <message>
              <![CDATA[Error communicating with the remote browser. It may have died.
Build info: version: '2.48.2', revision: '41bccdd10cf2c0560f637404c2d96164b67d9d67', time: '2015-10-09 13:08:06'
System info: host: 'BishnuDas', ip: '192.168.1.5', os.name: 'Windows 7', os.arch: 'amd64', os.version: '6.1', java.version: '1.8.0_65'
Driver info: driver.version: RemoteWebDriver]]>
            </message>
            <full-stacktrace>
              <![CDATA[org.openqa.selenium.remote.UnreachableBrowserException: Error communicating with the remote browser. It may have died.
Build info: version: '2.48.2', revision: '41bccdd10cf2c0560f637404c2d96164b67d9d67', time: '2015-10-09 13:08:06'
System info: host: 'BishnuDas', ip: '192.168.1.5', os.name: 'Windows 7', os.arch: 'amd64', os.version: '6.1', java.version: '1.8.0_65'
Driver info: driver.version: RemoteWebDriver
	at org.openqa.selenium.remote.RemoteWebDriver.execute(RemoteWebDriver.java:641)
	at org.openqa.selenium.remote.RemoteWebDriver.get(RemoteWebDriver.java:311)
	at com.shmlv3b_maven.pageobjectRepoLib.LoginObjects.navigateToTheHomePage(LoginObjects.java:54)
	at com.shmlv3b_maven.testscript.CheckingForAllFourDeliveryTest.configBfrMtd(CheckingForAllFourDeliveryTest.java:103)
	at sun.reflect.NativeMethodAccessorImpl.invoke0(Native Method)
	at sun.reflect.NativeMethodAccessorImpl.invoke(NativeMethodAccessorImpl.java:62)
	at sun.reflect.DelegatingMethodAccessorImpl.invoke(DelegatingMethodAccessorImpl.java:43)
	at java.lang.reflect.Method.invoke(Method.java:497)
	at org.testng.internal.MethodInvocationHelper.invokeMethod(MethodInvocationHelper.java:80)
	at org.testng.internal.Invoker.invokeConfigurationMethod(Invoker.java:525)
	at org.testng.internal.Invoker.invokeConfigurations(Invoker.java:202)
	at org.testng.internal.Invoker.invokeMethod(Invoker.java:613)
	at org.testng.internal.Invoker.invokeTestMethod(Invoker.java:842)
	at org.testng.internal.Invoker.invokeTestMethods(Invoker.java:1166)
	at org.testng.internal.TestMethodWorker.invokeTestMethods(TestMethodWorker.java:125)
	at org.testng.internal.TestMethodWorker.run(TestMethodWorker.java:109)
	at org.testng.TestRunner.runWorkers(TestRunner.java:1178)
	at org.testng.TestRunner.privateRun(TestRunner.java:757)
	at org.testng.TestRunner.run(TestRunner.java:608)
	at org.testng.SuiteRunner.runTest(SuiteRunner.java:334)
	at org.testng.SuiteRunner.runSequentially(SuiteRunner.java:329)
	at org.testng.SuiteRunner.privateRun(SuiteRunner.java:291)
	at org.testng.SuiteRunner.run(SuiteRunner.java:240)
	at org.testng.SuiteRunnerWorker.runSuite(SuiteRunnerWorker.java:52)
	at org.testng.SuiteRunnerWorker.run(SuiteRunnerWorker.java:86)
	at org.testng.TestNG.runSuitesSequentially(TestNG.java:1158)
	at org.testng.TestNG.runSuitesLocally(TestNG.java:1083)
	at org.testng.TestNG.run(TestNG.java:999)
	at org.testng.remote.RemoteTestNG.run(RemoteTestNG.java:111)
	at org.testng.remote.RemoteTestNG.initAndRun(RemoteTestNG.java:203)
	at org.testng.remote.RemoteTestNG.main(RemoteTestNG.java:174)
Caused by: org.apache.http.conn.HttpHostConnectException: Connect to 127.0.0.1:7055 [/127.0.0.1] failed: Connection refused: connect
	at org.apache.http.impl.conn.DefaultHttpClientConnectionOperator.connect(DefaultHttpClientConnectionOperator.java:151)
	at org.apache.http.impl.conn.PoolingHttpClientConnectionManager.connect(PoolingHttpClientConnectionManager.java:353)
	at org.apache.http.impl.execchain.MainClientExec.establishRoute(MainClientExec.java:380)
	at org.apache.http.impl.execchain.MainClientExec.execute(MainClientExec.java:236)
	at org.apache.http.impl.execchain.ProtocolExec.execute(ProtocolExec.java:184)
	at org.apache.http.impl.execchain.RetryExec.execute(RetryExec.java:88)
	at org.apache.http.impl.execchain.RedirectExec.execute(RedirectExec.java:110)
	at org.apache.http.impl.client.InternalHttpClient.doExecute(InternalHttpClient.java:184)
	at org.apache.http.impl.client.CloseableHttpClient.execute(CloseableHttpClient.java:71)
	at org.apache.http.impl.client.CloseableHttpClient.execute(CloseableHttpClient.java:55)
	at org.openqa.selenium.remote.internal.ApacheHttpClient.fallBackExecute(ApacheHttpClient.java:161)
	at org.openqa.selenium.remote.internal.ApacheHttpClient.execute(ApacheHttpClient.java:89)
	at org.openqa.selenium.remote.HttpCommandExecutor.execute(HttpCommandExecutor.java:142)
	at org.openqa.selenium.firefox.internal.NewProfileExtensionConnection.execute(NewProfileExtensionConnection.java:170)
	at org.openqa.selenium.firefox.FirefoxDriver$LazyCommandExecutor.execute(FirefoxDriver.java:380)
	at org.openqa.selenium.remote.RemoteWebDriver.execute(RemoteWebDriver.java:620)
	... 30 more
Caused by: java.net.ConnectException: Connection refused: connect
	at java.net.DualStackPlainSocketImpl.waitForConnect(Native Method)
	at java.net.DualStackPlainSocketImpl.socketConnect(DualStackPlainSocketImpl.java:85)
	at java.net.AbstractPlainSocketImpl.doConnect(AbstractPlainSocketImpl.java:350)
	at java.net.AbstractPlainSocketImpl.connectToAddress(AbstractPlainSocketImpl.java:206)
	at java.net.AbstractPlainSocketImpl.connect(AbstractPlainSocketImpl.java:188)
	at java.net.PlainSocketImpl.connect(PlainSocketImpl.java:172)
	at java.net.SocksSocketImpl.connect(SocksSocketImpl.java:392)
	at java.net.Socket.connect(Socket.java:589)
	at org.apache.http.conn.socket.PlainConnectionSocketFactory.connectSocket(PlainConnectionSocketFactory.java:74)
	at org.apache.http.impl.conn.DefaultHttpClientConnectionOperator.connect(DefaultHttpClientConnectionOperator.java:134)
	... 45 more
]]>
            </full-stacktrace>
          </exception>
        </test-method>
        <test-method status="SKIP" signature="checkingTheHomeOrOfficeDeliveryMethod()" name="checkingTheHomeOrOfficeDeliveryMethod" duration-ms="3" started-at="2015-12-28T17:46:27Z" finished-at="2015-12-28T17:46:27Z">
        </test-method>
        <test-method status="SKIP" signature="configAfterMtd(org.testng.ITestResult)" name="configAfterMtd" is-config="true" duration-ms="0" started-at="2015-12-28T17:46:27Z" finished-at="2015-12-28T17:46:27Z">
        </test-method>
        <test-method status="SKIP" signature="configBfrMtd()" name="configBfrMtd" is-config="true" duration-ms="0" started-at="2015-12-28T17:46:27Z" finished-at="2015-12-28T17:46:27Z">
        </test-method>
        <test-method status="SKIP" signature="checkingTheParcelLockerDeliveryMethod()" name="checkingTheParcelLockerDeliveryMethod" duration-ms="27" started-at="2015-12-28T17:46:27Z" finished-at="2015-12-28T17:46:27Z">
        </test-method>
        <test-method status="SKIP" signature="configAfterMtd(org.testng.ITestResult)" name="configAfterMtd" is-config="true" duration-ms="0" started-at="2015-12-28T17:46:27Z" finished-at="2015-12-28T17:46:27Z">
        </test-method>
        <test-method status="SKIP" signature="configBfrMtd()" name="configBfrMtd" is-config="true" duration-ms="0" started-at="2015-12-28T17:46:27Z" finished-at="2015-12-28T17:46:27Z">
        </test-method>
        <test-method status="SKIP" signature="checkingTheBpostDeliveryPointMethod()" name="checkingTheBpostDeliveryPointMethod" duration-ms="2" started-at="2015-12-28T17:46:27Z" finished-at="2015-12-28T17:46:27Z">
        </test-method>
        <test-method status="SKIP" signature="configAfterMtd(org.testng.ITestResult)" name="configAfterMtd" is-config="true" duration-ms="0" started-at="2015-12-28T17:46:27Z" finished-at="2015-12-28T17:46:27Z">
        </test-method>
        <test-method status="SKIP" signature="configBfrMtd()" name="configBfrMtd" is-config="true" duration-ms="0" started-at="2015-12-28T17:46:27Z" finished-at="2015-12-28T17:46:27Z">
        </test-method>
        <test-method status="SKIP" signature="checkingReceiverChooseMethod()" name="checkingReceiverChooseMethod" duration-ms="2" started-at="2015-12-28T17:46:27Z" finished-at="2015-12-28T17:46:27Z">
        </test-method>
        <test-method status="SKIP" signature="configAfterMtd(org.testng.ITestResult)" name="configAfterMtd" is-config="true" duration-ms="0" started-at="2015-12-28T17:46:27Z" finished-at="2015-12-28T17:46:27Z">
        </test-method>
        <test-method status="SKIP" signature="tearDownAfterCls()" name="tearDownAfterCls" is-config="true" duration-ms="0" started-at="2015-12-28T17:46:27Z" finished-at="2015-12-28T17:46:27Z">
        </test-method>
      </class>
      <class name="shmlv3b_maven.DemoTest">
        <test-method status="PASS" signature="firstMavenTest()" name="firstMavenTest" duration-ms="32" started-at="2015-12-28T17:45:51Z" finished-at="2015-12-28T17:45:51Z">
        </test-method>
      </class>
      <class name="shmlv3b_maven.SecondTest">
        <test-method status="PASS" signature="secondTest()" name="secondTest" duration-ms="4" started-at="2015-12-28T17:45:51Z" finished-at="2015-12-28T17:45:51Z">
        </test-method>
      </class>
    </test>
  </suite>
</testng-results>
