<?xml version="1.0" encoding="UTF-8"?>
<testng-results skipped="0" failed="0" total="1" passed="1">
  <reporter-output>
  </reporter-output>
  <suite name="Suite" duration-ms="45901" started-at="2016-01-20T06:03:48Z" finished-at="2016-01-20T06:04:34Z">
    <groups>
    </groups>
    <test name="Test" duration-ms="45901" started-at="2016-01-20T06:03:48Z" finished-at="2016-01-20T06:04:34Z">
      <class name="com.shmlv3b_maven.testscript.CheckingForAllFourDeliveryTest">
        <test-method status="PASS" signature="configBfrCls()[pri:0, instance:com.shmlv3b_maven.testscript.CheckingForAllFourDeliveryTest@64c64813]" name="configBfrCls" is-config="true" duration-ms="12623" started-at="2016-01-20T11:33:48Z" finished-at="2016-01-20T11:34:01Z">
          <reporter-output>
          </reporter-output>
        </test-method> <!-- configBfrCls -->
        <test-method status="PASS" signature="configBfrMtd()[pri:0, instance:com.shmlv3b_maven.testscript.CheckingForAllFourDeliveryTest@64c64813]" name="configBfrMtd" is-config="true" duration-ms="8850" started-at="2016-01-20T11:34:01Z" finished-at="2016-01-20T11:34:10Z">
          <reporter-output>
          </reporter-output>
        </test-method> <!-- configBfrMtd -->
        <test-method status="PASS" signature="checkingReceiverChooseMethod()[pri:0, instance:com.shmlv3b_maven.testscript.CheckingForAllFourDeliveryTest@64c64813]" name="checkingReceiverChooseMethod" duration-ms="23644" started-at="2016-01-20T11:34:10Z" finished-at="2016-01-20T11:34:33Z">
          <reporter-output>
          </reporter-output>
        </test-method> <!-- checkingReceiverChooseMethod -->
        <test-method status="PASS" signature="configAfterMtd(org.testng.ITestResult)[pri:0, instance:com.shmlv3b_maven.testscript.CheckingForAllFourDeliveryTest@64c64813]" name="configAfterMtd" is-config="true" duration-ms="768" started-at="2016-01-20T11:34:33Z" finished-at="2016-01-20T11:34:34Z">
          <params>
            <param index="0">
              <value>
                <![CDATA[[TestResult: checkingReceiverChooseMethod STATUS:SUCCESS METHOD:CheckingForAllFourDeliveryTest.checkingReceiverChooseMethod()[pri:0, instance:com.shmlv3b_maven.testscript.CheckingForAllFourDeliveryTest@64c64813]]
]]>
              </value>
            </param>
          </params>
          <reporter-output>
          </reporter-output>
        </test-method> <!-- configAfterMtd -->
        <test-method status="PASS" signature="tearDownAfterCls()[pri:0, instance:com.shmlv3b_maven.testscript.CheckingForAllFourDeliveryTest@64c64813]" name="tearDownAfterCls" is-config="true" duration-ms="0" started-at="2016-01-20T11:34:34Z" finished-at="2016-01-20T11:34:34Z">
          <reporter-output>
          </reporter-output>
        </test-method> <!-- tearDownAfterCls -->
      </class> <!-- com.shmlv3b_maven.testscript.CheckingForAllFourDeliveryTest -->
    </test> <!-- Test -->
  </suite> <!-- Suite -->
</testng-results>
